#
# There is insufficient memory for the Java Runtime Environment to continue.
# Native memory allocation (malloc) failed to allocate 32744 bytes for ChunkPool::allocate
# Possible reasons:
#   The system is out of physical RAM or swap space
#   The process is running with CompressedOops enabled, and the Java Heap may be blocking the growth of the native heap
# Possible solutions:
#   Reduce memory load on the system
#   Increase physical memory or swap space
#   Check if swap backing store is full
#   Decrease Java heap size (-Xmx/-Xms)
#   Decrease number of Java threads
#   Decrease Java thread stack sizes (-Xss)
#   Set larger code cache with -XX:ReservedCodeCacheSize=
#   JVM is running with Unscaled Compressed Oops mode in which the Java heap is
#     placed in the first 4GB address space. The Java Heap base address is the
#     maximum limit for the native heap growth. Please use -XX:HeapBaseMinAddress
#     to set the Java Heap base and to place the Java Heap above 4GB virtual address.
# This output file may be truncated or incomplete.
#
#  Out of Memory Error (allocation.cpp:272), pid=4728, tid=0x00000000000007b0
#
# JRE version: OpenJDK Runtime Environment (8.0_332-b08) (build 1.8.0_332-b08)
# Java VM: OpenJDK 64-Bit Server VM (25.332-b08 mixed mode windows-amd64 compressed oops)
# Failed to write core dump. Minidumps are not enabled by default on client versions of Windows
#

---------------  T H R E A D  ---------------

Current thread (0x00000267f49e8000):  JavaThread "C1 CompilerThread3" daemon [_thread_in_native, id=1968, stack(0x000000a143d00000,0x000000a143e00000)]

Stack: [0x000000a143d00000,0x000000a143e00000]
[error occurred during error reporting (printing stack bounds), id 0xc0000005]

Native frames: (J=compiled Java code, j=interpreted, Vv=VM code, C=native code)


Current CompileTask:
C1:   1996 1587       3       java.lang.String::valueOf (18 bytes)


---------------  P R O C E S S  ---------------

Java Threads: ( => current thread )
  0x00000267f4a3c000 JavaThread "Service Thread" daemon [_thread_blocked, id=8808, stack(0x000000a143e00000,0x000000a143f00000)]
=>0x00000267f49e8000 JavaThread "C1 CompilerThread3" daemon [_thread_in_native, id=1968, stack(0x000000a143d00000,0x000000a143e00000)]
  0x00000267f49e7000 JavaThread "C2 CompilerThread2" daemon [_thread_in_native, id=10020, stack(0x000000a143c00000,0x000000a143d00000)]
  0x00000267f49dd800 JavaThread "C2 CompilerThread1" daemon [_thread_in_native, id=9844, stack(0x000000a143b00000,0x000000a143c00000)]
  0x00000267f49d8000 JavaThread "C2 CompilerThread0" daemon [_thread_in_native, id=12160, stack(0x000000a143a00000,0x000000a143b00000)]
  0x00000267f49d1000 JavaThread "Monitor Ctrl-Break" daemon [_thread_in_native, id=11204, stack(0x000000a143900000,0x000000a143a00000)]
  0x00000267f2b78800 JavaThread "Attach Listener" daemon [_thread_blocked, id=6100, stack(0x000000a143800000,0x000000a143900000)]
  0x00000267f2b77000 JavaThread "Signal Dispatcher" daemon [_thread_blocked, id=940, stack(0x000000a143700000,0x000000a143800000)]
  0x00000267f2b4a800 JavaThread "Finalizer" daemon [_thread_blocked, id=4300, stack(0x000000a143600000,0x000000a143700000)]
  0x00000267f2b3b800 JavaThread "Reference Handler" daemon [_thread_blocked, id=984, stack(0x000000a143500000,0x000000a143600000)]
  0x00000267dcb5d800 JavaThread "main" [_thread_in_Java, id=9996, stack(0x000000a142b00000,0x000000a142c00000)]

Other Threads:
  0x00000267f2b11800 VMThread [stack: 0x000000a143400000,0x000000a143500000] [id=2268]
  0x00000267f4a06000 WatcherThread [stack: 0x000000a143f00000,0x000000a144000000] [id=11624]

VM state:not at safepoint (normal execution)

VM Mutex/Monitor currently owned by a thread: None

heap address: 0x0000000084000000, size: 1984 MB, Compressed Oops mode: 32-bit
Narrow klass base: 0x0000000000000000, Narrow klass shift: 3
Compressed class space size: 1073741824 Address: 0x0000000100000000

Heap:
 PSYoungGen      total 36864K, used 34239K [0x00000000d6b00000, 0x00000000db300000, 0x0000000100000000)
  eden space 31744K, 91% used [0x00000000d6b00000,0x00000000d87732f0,0x00000000d8a00000)
  from space 5120K, 99% used [0x00000000d8f00000,0x00000000d93fca78,0x00000000d9400000)
  to   space 5120K, 0% used [0x00000000d8a00000,0x00000000d8a00000,0x00000000d8f00000)
 ParOldGen       total 84992K, used 1060K [0x0000000084000000, 0x0000000089300000, 0x00000000d6b00000)
  object space 84992K, 1% used [0x0000000084000000,0x0000000084109330,0x0000000089300000)
 Metaspace       used 14140K, capacity 14396K, committed 14720K, reserved 1062912K
  class space    used 1748K, capacity 1844K, committed 1920K, reserved 1048576K

Card table byte_map: [0x00000267ed870000,0x00000267edc60000] byte_map_base: 0x00000267ed450000

Marking Bits: (ParMarkBitMap*) 0x000000005ae77850
 Begin Bits: [0x00000267edf00000, 0x00000267efe00000)
 End Bits:   [0x00000267efe00000, 0x00000267f1d00000)

Polling page: 0x00000267dcc60000

CodeCache: size=245760Kb used=5515Kb max_used=5515Kb free=240244Kb
 bounds [0x00000267de4b0000, 0x00000267dea20000, 0x00000267ed4b0000]
 total_blobs=1934 nmethods=1580 adapters=266
 compilation: enabled

Compilation events (10 events):
Event: 1.991 Thread 0x00000267f49e8000 nmethod 1579 0x00000267dea16110 code [0x00000267dea16280, 0x00000267dea16590]
Event: 1.991 Thread 0x00000267f49e8000 1581       3       java.io.BufferedWriter::min (9 bytes)
Event: 1.991 Thread 0x00000267f49e8000 nmethod 1581 0x00000267dea166d0 code [0x00000267dea16820, 0x00000267dea169b8]
Event: 1.991 Thread 0x00000267f49e8000 1583       1       sun.nio.cs.StreamEncoder::isOpen (5 bytes)
Event: 1.991 Thread 0x00000267f49e8000 nmethod 1583 0x00000267dea133d0 code [0x00000267dea13520, 0x00000267dea13638]
Event: 1.991 Thread 0x00000267f49e8000 1585       3       java.io.PrintStream::ensureOpen (18 bytes)
Event: 1.991 Thread 0x00000267f49e8000 nmethod 1585 0x00000267dea16a50 code [0x00000267dea16bc0, 0x00000267dea16e10]
Event: 1.992 Thread 0x00000267f49e8000 1586       3       java.util.regex.Pattern$Single::isSatisfiedBy (14 bytes)
Event: 1.992 Thread 0x00000267f49e8000 nmethod 1586 0x00000267dea16ed0 code [0x00000267dea17020, 0x00000267dea171d8]
Event: 1.992 Thread 0x00000267f49e8000 1587       3       java.lang.String::valueOf (18 bytes)

GC Heap History (4 events):
Event: 0.976 GC heap before
{Heap before GC invocations=1 (full 0):
 PSYoungGen      total 36864K, used 31744K [0x00000000d6b00000, 0x00000000d9400000, 0x0000000100000000)
  eden space 31744K, 100% used [0x00000000d6b00000,0x00000000d8a00000,0x00000000d8a00000)
  from space 5120K, 0% used [0x00000000d8f00000,0x00000000d8f00000,0x00000000d9400000)
  to   space 5120K, 0% used [0x00000000d8a00000,0x00000000d8a00000,0x00000000d8f00000)
 ParOldGen       total 84992K, used 0K [0x0000000084000000, 0x0000000089300000, 0x00000000d6b00000)
  object space 84992K, 0% used [0x0000000084000000,0x0000000084000000,0x0000000089300000)
 Metaspace       used 8653K, capacity 8784K, committed 9088K, reserved 1056768K
  class space    used 1030K, capacity 1080K, committed 1152K, reserved 1048576K
Event: 0.981 GC heap after
Heap after GC invocations=1 (full 0):
 PSYoungGen      total 36864K, used 5012K [0x00000000d6b00000, 0x00000000d9400000, 0x0000000100000000)
  eden space 31744K, 0% used [0x00000000d6b00000,0x00000000d6b00000,0x00000000d8a00000)
  from space 5120K, 97% used [0x00000000d8a00000,0x00000000d8ee51f0,0x00000000d8f00000)
  to   space 5120K, 0% used [0x00000000d8f00000,0x00000000d8f00000,0x00000000d9400000)
 ParOldGen       total 84992K, used 8K [0x0000000084000000, 0x0000000089300000, 0x00000000d6b00000)
  object space 84992K, 0% used [0x0000000084000000,0x0000000084002000,0x0000000089300000)
 Metaspace       used 8653K, capacity 8784K, committed 9088K, reserved 1056768K
  class space    used 1030K, capacity 1080K, committed 1152K, reserved 1048576K
}
Event: 1.426 GC heap before
{Heap before GC invocations=2 (full 0):
 PSYoungGen      total 36864K, used 36756K [0x00000000d6b00000, 0x00000000d9400000, 0x0000000100000000)
  eden space 31744K, 100% used [0x00000000d6b00000,0x00000000d8a00000,0x00000000d8a00000)
  from space 5120K, 97% used [0x00000000d8a00000,0x00000000d8ee51f0,0x00000000d8f00000)
  to   space 5120K, 0% used [0x00000000d8f00000,0x00000000d8f00000,0x00000000d9400000)
 ParOldGen       total 84992K, used 8K [0x0000000084000000, 0x0000000089300000, 0x00000000d6b00000)
  object space 84992K, 0% used [0x0000000084000000,0x0000000084002000,0x0000000089300000)
 Metaspace       used 11185K, capacity 11362K, committed 11520K, reserved 1058816K
  class space    used 1345K, capacity 1446K, committed 1536K, reserved 1048576K
Event: 1.435 GC heap after
Heap after GC invocations=2 (full 0):
 PSYoungGen      total 36864K, used 5106K [0x00000000d6b00000, 0x00000000db300000, 0x0000000100000000)
  eden space 31744K, 0% used [0x00000000d6b00000,0x00000000d6b00000,0x00000000d8a00000)
  from space 5120K, 99% used [0x00000000d8f00000,0x00000000d93fca78,0x00000000d9400000)
  to   space 5120K, 0% used [0x00000000d8a00000,0x00000000d8a00000,0x00000000d8f00000)
 ParOldGen       total 84992K, used 1060K [0x0000000084000000, 0x0000000089300000, 0x00000000d6b00000)
  object space 84992K, 1% used [0x0000000084000000,0x0000000084109330,0x0000000089300000)
 Metaspace       used 11185K, capacity 11362K, committed 11520K, reserved 1058816K
  class space    used 1345K, capacity 1446K, committed 1536K, reserved 1048576K
}

Deoptimization events (10 events):
Event: 0.973 Thread 0x00000267dcb5d800 Uncommon trap: reason=unstable_if action=reinterpret pc=0x00000267de78ec0c method=sun.nio.cs.StreamDecoder.implRead([CII)I @ 71
Event: 0.986 Thread 0x00000267dcb5d800 Uncommon trap: reason=unstable_if action=reinterpret pc=0x00000267de79793c method=sun.nio.cs.StreamDecoder.implRead([CII)I @ 71
Event: 1.018 Thread 0x00000267dcb5d800 Uncommon trap: reason=unstable_if action=reinterpret pc=0x00000267de78a96c method=java.io.Reader.read()I @ 12
Event: 1.022 Thread 0x00000267dcb5d800 Uncommon trap: reason=unstable_if action=reinterpret pc=0x00000267de7a384c method=org.codehaus.plexus.util.xml.pull.MXParser.nextImpl()I @ 241
Event: 1.023 Thread 0x00000267dcb5d800 Uncommon trap: reason=unstable_if action=reinterpret pc=0x00000267de7b2d84 method=sun.nio.cs.StreamDecoder.implRead([CII)I @ 197
Event: 1.156 Thread 0x00000267dcb5d800 Uncommon trap: reason=unstable_if action=reinterpret pc=0x00000267de810d3c method=sun.nio.cs.UTF_8$Decoder.decode([BII[C)I @ 30
Event: 1.262 Thread 0x00000267dcb5d800 Uncommon trap: reason=unstable_if action=reinterpret pc=0x00000267de6ec2f4 method=java.lang.String.lastIndexOf([CII[CIII)I @ 118
Event: 1.954 Thread 0x00000267dcb5d800 Uncommon trap: reason=unstable_if action=reinterpret pc=0x00000267de9e1f90 method=org.eclipse.sisu.inject.InjectorBindings.isAssignableFrom(Lcom/google/inject/TypeLiteral;Lcom/google/inject/Binding;)Z @ 14
Event: 1.957 Thread 0x00000267dcb5d800 Uncommon trap: reason=null_check action=make_not_entrant pc=0x00000267de5cb838 method=java.lang.String.equals(Ljava/lang/Object;)Z @ 8
Event: 1.962 Thread 0x00000267dcb5d800 Uncommon trap: reason=unstable_if action=reinterpret pc=0x00000267de6cfc38 method=sun.misc.MetaIndex.mayContain(Ljava/lang/String;)Z @ 38

Classes redefined (0 events):
No events

Internal exceptions (10 events):
Event: 0.189 Thread 0x00000267dcb5d800 Exception <a 'java/security/PrivilegedActionException'> (0x00000000d6ba8448) thrown at [C:\wsjdk\Corretto8Src\installers\windows\zip\corretto-build\buildRoot\src\hotspot\src\share\vm\prims\jvm.cpp, line 1524]
Event: 0.189 Thread 0x00000267dcb5d800 Exception <a 'java/security/PrivilegedActionException'> (0x00000000d6ba8658) thrown at [C:\wsjdk\Corretto8Src\installers\windows\zip\corretto-build\buildRoot\src\hotspot\src\share\vm\prims\jvm.cpp, line 1524]
Event: 0.329 Thread 0x00000267dcb5d800 Exception <a 'java/security/PrivilegedActionException'> (0x00000000d70814b0) thrown at [C:\wsjdk\Corretto8Src\installers\windows\zip\corretto-build\buildRoot\src\hotspot\src\share\vm\prims\jvm.cpp, line 1524]
Event: 0.329 Thread 0x00000267dcb5d800 Exception <a 'java/security/PrivilegedActionException'> (0x00000000d70818a8) thrown at [C:\wsjdk\Corretto8Src\installers\windows\zip\corretto-build\buildRoot\src\hotspot\src\share\vm\prims\jvm.cpp, line 1524]
Event: 0.330 Thread 0x00000267dcb5d800 Exception <a 'java/security/PrivilegedActionException'> (0x00000000d7084ae0) thrown at [C:\wsjdk\Corretto8Src\installers\windows\zip\corretto-build\buildRoot\src\hotspot\src\share\vm\prims\jvm.cpp, line 1524]
Event: 0.330 Thread 0x00000267dcb5d800 Exception <a 'java/security/PrivilegedActionException'> (0x00000000d7084ed8) thrown at [C:\wsjdk\Corretto8Src\installers\windows\zip\corretto-build\buildRoot\src\hotspot\src\share\vm\prims\jvm.cpp, line 1524]
Event: 1.838 Thread 0x00000267dcb5d800 Exception <a 'java/lang/NoClassDefFoundError': com/google/inject/servlet/ServletModuleTargetVisitor> (0x00000000d81b4e80) thrown at [C:\wsjdk\Corretto8Src\installers\windows\zip\corretto-build\buildRoot\src\hotspot\src\share\vm\classfile\systemDictionary.
Event: 1.838 Thread 0x00000267dcb5d800 Exception <a 'java/lang/NoClassDefFoundError'> (0x00000000d81b4e80) thrown at [C:\wsjdk\Corretto8Src\installers\windows\zip\corretto-build\buildRoot\src\hotspot\src\share\vm\prims\jvm.cpp, line 1528]
Event: 1.839 Thread 0x00000267dcb5d800 Exception <a 'java/lang/NoClassDefFoundError': javax/annotation/Priority> (0x00000000d81ba088) thrown at [C:\wsjdk\Corretto8Src\installers\windows\zip\corretto-build\buildRoot\src\hotspot\src\share\vm\classfile\systemDictionary.cpp, line 206]
Event: 1.957 Thread 0x00000267dcb5d800 Implicit null exception at 0x00000267de5cb655 to 0x00000267de5cb829

Events (10 events):
Event: 1.986 loading class java/lang/ProcessEnvironment$CheckedKeySet
Event: 1.986 loading class java/lang/ProcessEnvironment$CheckedKeySet done
Event: 1.986 loading class org/apache/maven/settings/building/DefaultSettingsBuilder$1
Event: 1.986 loading class org/apache/maven/settings/building/DefaultSettingsBuilder$1 done
Event: 1.987 loading class org/codehaus/plexus/interpolation/SimpleRecursionInterceptor
Event: 1.987 loading class org/codehaus/plexus/interpolation/SimpleRecursionInterceptor done
Event: 1.988 loading class org/apache/maven/settings/building/DefaultSettingsBuildingResult
Event: 1.988 loading class org/apache/maven/settings/building/DefaultSettingsBuildingResult done
Event: 1.991 loading class org/apache/maven/toolchain/building/DefaultToolchainsBuildingRequest
Event: 1.991 loading class org/apache/maven/toolchain/building/DefaultToolchainsBuildingRequest done


Dynamic libraries:
0x00007ff672bd0000 - 0x00007ff672c0a000 	C:\Users\user\.jdks\corretto-1.8.0_332\bin\java.exe
0x00007ffc29280000 - 0x00007ffc2946d000 	C:\Windows\SYSTEM32\ntdll.dll
0x00007ffc26de0000 - 0x00007ffc26e93000 	C:\Windows\System32\KERNEL32.DLL
0x00007ffc26150000 - 0x00007ffc263ea000 	C:\Windows\System32\KERNELBASE.dll
0x00007ffc28e20000 - 0x00007ffc28ec7000 	C:\Windows\System32\ADVAPI32.dll
0x00007ffc27880000 - 0x00007ffc2791e000 	C:\Windows\System32\msvcrt.dll
0x00007ffc291b0000 - 0x00007ffc2924f000 	C:\Windows\System32\sechost.dll
0x00007ffc29010000 - 0x00007ffc2912d000 	C:\Windows\System32\RPCRT4.dll
0x00007ffc26ea0000 - 0x00007ffc27037000 	C:\Windows\System32\USER32.dll
0x00007ffc255d0000 - 0x00007ffc255f0000 	C:\Windows\System32\win32u.dll
0x00007ffc269f0000 - 0x00007ffc26a19000 	C:\Windows\System32\GDI32.dll
0x00007ffc25350000 - 0x00007ffc254ec000 	C:\Windows\System32\gdi32full.dll
0x00007ffc26410000 - 0x00007ffc264b0000 	C:\Windows\System32\msvcp_win.dll
0x00007ffc26050000 - 0x00007ffc2614a000 	C:\Windows\System32\ucrtbase.dll
0x00007ffc0d150000 - 0x00007ffc0d3c9000 	C:\Windows\WinSxS\amd64_microsoft.windows.common-controls_6595b64144ccf1df_6.0.17763.3046_none_de715ebe534b36e3\COMCTL32.dll
0x00007ffc26a20000 - 0x00007ffc26d4b000 	C:\Windows\System32\combase.dll
0x00007ffc25540000 - 0x00007ffc255c2000 	C:\Windows\System32\bcryptPrimitives.dll
0x00007ffc26db0000 - 0x00007ffc26dde000 	C:\Windows\System32\IMM32.DLL
0x00007ffc0c340000 - 0x00007ffc0c42f000 	C:\Users\user\.jdks\corretto-1.8.0_332\jre\bin\msvcr120.dll
0x00007ffc0b5b0000 - 0x00007ffc0b656000 	C:\Users\user\.jdks\corretto-1.8.0_332\jre\bin\msvcp120.dll
0x000000005a680000 - 0x000000005aef6000 	C:\Users\user\.jdks\corretto-1.8.0_332\jre\bin\server\jvm.dll
0x00007ffc273e0000 - 0x00007ffc273e8000 	C:\Windows\System32\PSAPI.DLL
0x00007ffc02190000 - 0x00007ffc02199000 	C:\Windows\SYSTEM32\WSOCK32.dll
0x00007ffc16ac0000 - 0x00007ffc16aca000 	C:\Windows\SYSTEM32\VERSION.dll
0x00007ffc1e9b0000 - 0x00007ffc1e9d4000 	C:\Windows\SYSTEM32\WINMM.dll
0x00007ffc27810000 - 0x00007ffc2787d000 	C:\Windows\System32\WS2_32.dll
0x00007ffc1e980000 - 0x00007ffc1e9ad000 	C:\Windows\SYSTEM32\WINMMBASE.dll
0x00007ffc254f0000 - 0x00007ffc2553a000 	C:\Windows\System32\cfgmgr32.dll
0x00007ffc21ba0000 - 0x00007ffc21baf000 	C:\Users\user\.jdks\corretto-1.8.0_332\jre\bin\verify.dll
0x00007ffc13070000 - 0x00007ffc13099000 	C:\Users\user\.jdks\corretto-1.8.0_332\jre\bin\java.dll
0x00007ffc0d080000 - 0x00007ffc0d0aa000 	C:\Users\user\.jdks\corretto-1.8.0_332\jre\bin\instrument.dll
0x00007ffc0e290000 - 0x00007ffc0e2a6000 	C:\Users\user\.jdks\corretto-1.8.0_332\jre\bin\zip.dll
0x00007ffc27920000 - 0x00007ffc28e18000 	C:\Windows\System32\SHELL32.dll
0x00007ffc271b0000 - 0x00007ffc27257000 	C:\Windows\System32\shcore.dll
0x00007ffc25900000 - 0x00007ffc26048000 	C:\Windows\System32\windows.storage.dll
0x00007ffc252f0000 - 0x00007ffc25313000 	C:\Windows\System32\profapi.dll
0x00007ffc25270000 - 0x00007ffc252cd000 	C:\Windows\System32\powrprof.dll
0x00007ffc26d50000 - 0x00007ffc26da2000 	C:\Windows\System32\shlwapi.dll
0x00007ffc252d0000 - 0x00007ffc252e1000 	C:\Windows\System32\kernel.appcore.dll
0x00007ffc263f0000 - 0x00007ffc26407000 	C:\Windows\System32\cryptsp.dll
0x00007ffc0c830000 - 0x00007ffc0c84a000 	C:\Program Files\JetBrains\IntelliJ IDEA 2022.1.3\bin\breakgen64.dll
0x00007ffc0e270000 - 0x00007ffc0e28a000 	C:\Users\user\.jdks\corretto-1.8.0_332\jre\bin\net.dll
0x00007ffc24aa0000 - 0x00007ffc24b07000 	C:\Windows\system32\mswsock.dll
0x00007ffc24620000 - 0x00007ffc24653000 	C:\Windows\system32\rsaenh.dll
0x00007ffc25320000 - 0x00007ffc25346000 	C:\Windows\System32\bcrypt.dll
0x00007ffc25180000 - 0x00007ffc251a9000 	C:\Windows\SYSTEM32\USERENV.dll
0x00007ffc24c70000 - 0x00007ffc24c7c000 	C:\Windows\SYSTEM32\CRYPTBASE.dll
0x00007ffc247b0000 - 0x00007ffc247ed000 	C:\Windows\SYSTEM32\IPHLPAPI.DLL
0x00007ffc29000000 - 0x00007ffc29008000 	C:\Windows\System32\NSI.dll
0x00007ffc13b80000 - 0x00007ffc13b96000 	C:\Windows\SYSTEM32\dhcpcsvc6.DLL
0x00007ffc13fe0000 - 0x00007ffc13ffc000 	C:\Windows\SYSTEM32\dhcpcsvc.DLL
0x00007ffc247f0000 - 0x00007ffc248b6000 	C:\Windows\SYSTEM32\DNSAPI.dll
0x00007ffc0e250000 - 0x00007ffc0e262000 	C:\Users\user\.jdks\corretto-1.8.0_332\jre\bin\nio.dll
0x00007ffc12820000 - 0x00007ffc1282a000 	C:\Users\user\AppData\Local\Temp\jansi-1.17.1-2066028373980984396.dll
0x00007ffc11e10000 - 0x00007ffc11e1a000 	C:\Users\user\AppData\Local\Temp\jansi-1.17.1-1686035576316201825.dll

VM Arguments:
jvm_args: -Dmaven.multiModuleProjectDirectory=C:\Users\user\IdeaProjects\spring-mvc-demo -Dmaven.home=C:\Program Files\JetBrains\IntelliJ IDEA 2022.1.3\plugins\maven\lib\maven3 -Dclassworlds.conf=C:\Program Files\JetBrains\IntelliJ IDEA 2022.1.3\plugins\maven\lib\maven3\bin\m2.conf -Dmaven.ext.class.path=C:\Program Files\JetBrains\IntelliJ IDEA 2022.1.3\plugins\maven\lib\maven-event-listener.jar -javaagent:C:\Program Files\JetBrains\IntelliJ IDEA 2022.1.3\lib\idea_rt.jar=52751:C:\Program Files\JetBrains\IntelliJ IDEA 2022.1.3\bin -Dfile.encoding=UTF-8 
java_command: org.codehaus.classworlds.Launcher -Didea.version=2022.1.3 org.apache.maven.plugins:maven-war-plugin:3.3.1:war
java_class_path (initial): C:\Program Files\JetBrains\IntelliJ IDEA 2022.1.3\plugins\maven\lib\maven3\boot\plexus-classworlds-2.6.0.jar;C:\Program Files\JetBrains\IntelliJ IDEA 2022.1.3\plugins\maven\lib\maven3\boot\plexus-classworlds.license;C:\Program Files\JetBrains\IntelliJ IDEA 2022.1.3\lib\idea_rt.jar
Launcher Type: SUN_STANDARD

Environment Variables:
PATH=C:\Program Files (x86)\Common Files\Oracle\Java\javapath;C:\Windows\system32;C:\Windows;C:\Windows\System32\Wbem;C:\Windows\System32\WindowsPowerShell\v1.0\;C:\Windows\System32\OpenSSH\;C:\Program Files\Git\cmd;C:\Program Files\MySQL\MySQL Shell 8.0\bin\;C:\Users\user\AppData\Local\Microsoft\WindowsApps;;C:\Program Files\JetBrains\IntelliJ IDEA Community Edition 2021.3.2\bin;
USERNAME=user
OS=Windows_NT
PROCESSOR_IDENTIFIER=Intel64 Family 6 Model 142 Stepping 12, GenuineIntel



---------------  S Y S T E M  ---------------

OS: Windows 10.0 , 64 bit Build 17763 (10.0.17763.2989)

CPU:total 8 (initial active 8) (4 cores per cpu, 2 threads per core) family 6 model 142 stepping 12, cmov, cx8, fxsr, mmx, sse, sse2, sse3, ssse3, sse4.1, sse4.2, popcnt, avx, avx2, aes, clmul, erms, 3dnowpref, lzcnt, ht, tsc, tscinvbit, bmi1, bmi2, adx

Memory: 4k page, physical 8124824k(1568256k free), swap 10221976k(5144k free)

vm_info: OpenJDK 64-Bit Server VM (25.332-b08) for windows-amd64 JRE (1.8.0_332-b08), built on Apr 16 2022 08:31:02 by "Administrator" with MS VC++ 12.0 (VS2013)

time: Thu Jul 07 18:01:32 2022
timezone: O?ieyia?y (e?oi)
elapsed time: 2.002364 seconds (0d 0h 0m 2s)

